<?xml version="1.0" encoding="UTF-8"?>
<!-- Generated by org.testng.reporters.JUnitReportReporter -->
<testsuite skipped="0" hostname="JLT01977L" name="com.emaratech.automation.fis.VisionLoginTest" tests="1" failures="0" timestamp="01 Apr 2019 06:51:36 GMT" time="8.124" errors="0">
  <testcase name="loginSuccussFlow" time="8.124" classname="com.emaratech.automation.fis.VisionLoginTest"/>
</testsuite> <!-- com.emaratech.automation.fis.VisionLoginTest -->
