<?xml version="1.0" encoding="UTF-8"?>
<!-- Generated by org.testng.reporters.JUnitReportReporter -->
<testsuite skipped="0" hostname="JLT01977L" name="com.emaratech.automation.fis.LoginTestNg" tests="1" failures="0" timestamp="31 Mar 2019 12:16:41 GMT" time="13.108" errors="0">
  <testcase name="loginSuccussFlow" time="13.108" classname="com.emaratech.automation.fis.LoginTestNg"/>
</testsuite> <!-- com.emaratech.automation.fis.LoginTestNg -->
