<?xml version="1.0" encoding="UTF-8"?>
<!-- Generated by org.testng.reporters.JUnitReportReporter -->
<testsuite skipped="0" hostname="JLT01977L" name="com.emaratech.automation.fis.CSApplicationTest" tests="1" failures="0" timestamp="01 Apr 2019 06:03:23 GMT" time="12.958" errors="0">
  <testcase name="PermanentClosure" time="12.958" classname="com.emaratech.automation.fis.CSApplicationTest"/>
</testsuite> <!-- com.emaratech.automation.fis.CSApplicationTest -->
